<?xml version='1.0' encoding='UTF-8'?>
<testsuite hostname="ziad-VirtualBox" name="TestLinkVO" tests="6" errors="0" failures="0" skipped="0" time="0.017" timestamp="2019-12-21T07:50:11">
                     <properties>
      <property name="awt.toolkit" value="sun.awt.X11.XToolkit"/><property name="java.specification.version" value="11"/><property name="sun.cpu.isalist" value=""/><property name="sun.jnu.encoding" value="UTF-8"/><property name="sun.arch.data.model" value="64"/><property name="ftp.proxyPort" value="8080"/><property name="java.vendor.url" value="Unknown"/><property name="sun.boot.library.path" value="/usr/lib/jvm/java-11-openjdk-amd64/lib"/><property name="sun.java.command" value="/usr/share/sbt/bin/sbt-launch.jar compile test"/><property name="jdk.debug" value="release"/><property name="ftp.proxyHost" value="172.30.35.145"/><property name="java.specification.vendor" value="Oracle Corporation"/><property name="java.version.date" value="2019-10-15"/><property name="java.home" value="/usr/lib/jvm/java-11-openjdk-amd64"/><property name="file.separator" value="/"/><property name="java.vm.compressedOopsMode" value="32-bit"/><property name="line.separator" value="
"/><property name="java.specification.name" value="Java Platform API Specification"/><property name="java.vm.specification.vendor" value="Oracle Corporation"/><property name="sun.management.compiler" value="HotSpot 64-Bit Tiered Compilers"/><property name="java.runtime.version" value="11.0.5+10-post-Ubuntu-0ubuntu1.118.04"/><property name="user.name" value="ziad"/><property name="log4j.ignoreTCL" value="true"/><property name="file.encoding" value="UTF-8"/><property name="java.io.tmpdir" value="/tmp"/><property name="java.version" value="11.0.5"/><property name="java.vm.specification.name" value="Java Virtual Machine Specification"/><property name="java.awt.printerjob" value="sun.print.PSPrinterJob"/><property name="sun.os.patch.level" value="unknown"/><property name="java.library.path" value="/home/ziad/torch/install/lib::/usr/java/packages/lib:/usr/lib/x86_64-linux-gnu/jni:/lib/x86_64-linux-gnu:/usr/lib/x86_64-linux-gnu:/usr/lib/jni:/lib:/usr/lib"/><property name="java.vendor" value="Private Build"/><property name="scala.ext.dirs" value="/home/ziad/.sbt/0.13/java9-rt-ext-private_build_11_0_5"/><property name="sun.io.unicode.encoding" value="UnicodeLittle"/><property name="sun.desktop" value="gnome"/><property name="http.proxyHost" value="172.30.35.145"/><property name="java.class.path" value="/usr/share/sbt/bin/sbt-launch.jar"/><property name="https.proxyPort" value="8080"/><property name="java.vm.vendor" value="Private Build"/><property name="jline.shutdownhook" value="false"/><property name="user.timezone" value="America/New_York"/><property name="os.name" value="Linux"/><property name="java.vm.specification.version" value="11"/><property name="sun.java.launcher" value="SUN_STANDARD"/><property name="user.country" value="US"/><property name="sun.cpu.endian" value="little"/><property name="user.home" value="/home/ziad"/><property name="user.language" value="en"/><property name="swoval.tmpdir" value="/home/ziad/.sbt/1.0"/><property name="https.proxyHost" value="172.30.35.145"/><property name="java.awt.graphicsenv" value="sun.awt.X11GraphicsEnvironment"/><property name="jline.esc.timeout" value="0"/><property name="path.separator" value=":"/><property name="os.version" value="4.15.0-72-generic"/><property name="jna.nosys" value="true"/><property name="java.runtime.name" value="OpenJDK Runtime Environment"/><property name="java.vm.name" value="OpenJDK 64-Bit Server VM"/><property name="java.vendor.url.bug" value="Unknown"/><property name="user.dir" value="/home/ziad/test/linkstore-scala"/><property name="os.arch" value="amd64"/><property name="java.vm.info" value="mixed mode, sharing"/><property name="java.vm.version" value="11.0.5+10-post-Ubuntu-0ubuntu1.118.04"/><property name="java.class.version" value="55.0"/><property name="http.proxyPort" value="8080"/>
    </properties>
                     <testcase classname="TestLinkVO" name="link1 == link1 should return true" time="0.016">
                                                 
                                               </testcase><testcase classname="TestLinkVO" name="com/123 should be equal" time="0.0">
                                                 
                                               </testcase><testcase classname="TestLinkVO" name="com/234 should not be equal" time="0.0">
                                                 
                                               </testcase><testcase classname="TestLinkVO" name="com should not be equal" time="0.0">
                                                 
                                               </testcase><testcase classname="TestLinkVO" name="getDomain() should be equal" time="0.001">
                                                 
                                               </testcase><testcase classname="TestLinkVO" name="getDomain() should not be equal" time="0.0">
                                                 
                                               </testcase>
                     <system-out><![CDATA[]]></system-out>
                     <system-err><![CDATA[]]></system-err>
                   </testsuite>